<?xml version="1.0" encoding="UTF-8"?>
<testsuite name="com.mycompany.app.AppTest" tests="2" skipped="0" failures="0" errors="0" timestamp="2019-03-07T16:13:26" hostname="NI-NTB-083.local" time="0.003">
  <properties/>
  <testcase name="testAppConstructor" classname="com.mycompany.app.AppTest" time="0.002"/>
  <testcase name="testAppMain" classname="com.mycompany.app.AppTest" time="0.0"/>
  <system-out><![CDATA[]]></system-out>
  <system-err><![CDATA[]]></system-err>
</testsuite>
